2020-01-17 16:26:10.9495 Error Error parsing layout windows-identity will be ignored. Exception: System.ArgumentException: LayoutRenderer cannot be found: 'windows-identity'
   at NLog.Config.Factory`2.CreateInstance(String itemName)
   at NLog.Layouts.LayoutParser.GetLayoutRenderer(ConfigurationItemFactory configurationItemFactory, String name)
2020-01-17 16:26:11.7572 Error DatabaseTarget(Name=datebase): Error when writing to database. Exception: Npgsql.PostgresException (0x80004005): 42703: column "log_lovel" of relation "system_logging" does not exist
   at Npgsql.NpgsqlConnector.<>c__DisplayClass160_0.<<DoReadMessage>g__ReadMessageLong|0>d.MoveNext()
--- End of stack trace from previous location where exception was thrown ---
   at Npgsql.NpgsqlConnector.<>c__DisplayClass160_0.<<DoReadMessage>g__ReadMessageLong|0>d.MoveNext()
--- End of stack trace from previous location where exception was thrown ---
   at Npgsql.NpgsqlDataReader.NextResult(Boolean async, Boolean isConsuming)
   at Npgsql.NpgsqlDataReader.NextResult()
   at Npgsql.NpgsqlCommand.ExecuteReaderAsync(CommandBehavior behavior, Boolean async, CancellationToken cancellationToken)
   at Npgsql.NpgsqlCommand.ExecuteNonQuery(Boolean async, CancellationToken cancellationToken)
   at Npgsql.NpgsqlCommand.ExecuteNonQuery()
   at NLog.Targets.DatabaseTarget.WriteEventToDatabase(LogEventInfo logEvent, String connectionString)
   at NLog.Targets.DatabaseTarget.Write(LogEventInfo logEvent)
  Exception data:
    Severity: ERROR
    SqlState: 42703
    MessageText: column "log_lovel" of relation "system_logging" does not exist
    Position: 46
    File: parse_target.c
    Line: 1034
    Routine: checkInsertTargets
2020-01-17 16:26:12.8939 Error DatabaseTarget(Name=datebase): Error when writing to database. Exception: Npgsql.PostgresException (0x80004005): 42703: column "log_lovel" of relation "system_logging" does not exist
   at Npgsql.NpgsqlConnector.<>c__DisplayClass160_0.<<DoReadMessage>g__ReadMessageLong|0>d.MoveNext()
--- End of stack trace from previous location where exception was thrown ---
   at Npgsql.NpgsqlConnector.<>c__DisplayClass160_0.<<DoReadMessage>g__ReadMessageLong|0>d.MoveNext()
--- End of stack trace from previous location where exception was thrown ---
   at Npgsql.NpgsqlDataReader.NextResult(Boolean async, Boolean isConsuming)
   at Npgsql.NpgsqlDataReader.NextResult()
   at Npgsql.NpgsqlCommand.ExecuteReaderAsync(CommandBehavior behavior, Boolean async, CancellationToken cancellationToken)
   at Npgsql.NpgsqlCommand.ExecuteNonQuery(Boolean async, CancellationToken cancellationToken)
   at Npgsql.NpgsqlCommand.ExecuteNonQuery()
   at NLog.Targets.DatabaseTarget.WriteEventToDatabase(LogEventInfo logEvent, String connectionString)
   at NLog.Targets.DatabaseTarget.Write(LogEventInfo logEvent)
  Exception data:
    Severity: ERROR
    SqlState: 42703
    MessageText: column "log_lovel" of relation "system_logging" does not exist
    Position: 46
    File: parse_target.c
    Line: 1034
    Routine: checkInsertTargets
2020-01-17 16:26:13.1432 Error DatabaseTarget(Name=datebase): Error when writing to database. Exception: Npgsql.PostgresException (0x80004005): 42703: column "log_lovel" of relation "system_logging" does not exist
   at Npgsql.NpgsqlConnector.<>c__DisplayClass160_0.<<DoReadMessage>g__ReadMessageLong|0>d.MoveNext()
--- End of stack trace from previous location where exception was thrown ---
   at Npgsql.NpgsqlConnector.<>c__DisplayClass160_0.<<DoReadMessage>g__ReadMessageLong|0>d.MoveNext()
--- End of stack trace from previous location where exception was thrown ---
   at Npgsql.NpgsqlDataReader.NextResult(Boolean async, Boolean isConsuming)
   at Npgsql.NpgsqlDataReader.NextResult()
   at Npgsql.NpgsqlCommand.ExecuteReaderAsync(CommandBehavior behavior, Boolean async, CancellationToken cancellationToken)
   at Npgsql.NpgsqlCommand.ExecuteNonQuery(Boolean async, CancellationToken cancellationToken)
   at Npgsql.NpgsqlCommand.ExecuteNonQuery()
   at NLog.Targets.DatabaseTarget.WriteEventToDatabase(LogEventInfo logEvent, String connectionString)
   at NLog.Targets.DatabaseTarget.Write(LogEventInfo logEvent)
  Exception data:
    Severity: ERROR
    SqlState: 42703
    MessageText: column "log_lovel" of relation "system_logging" does not exist
    Position: 46
    File: parse_target.c
    Line: 1034
    Routine: checkInsertTargets
2020-01-17 16:26:13.3184 Error DatabaseTarget(Name=datebase): Error when writing to database. Exception: Npgsql.PostgresException (0x80004005): 42703: column "log_lovel" of relation "system_logging" does not exist
   at Npgsql.NpgsqlConnector.<>c__DisplayClass160_0.<<DoReadMessage>g__ReadMessageLong|0>d.MoveNext()
--- End of stack trace from previous location where exception was thrown ---
   at Npgsql.NpgsqlConnector.<>c__DisplayClass160_0.<<DoReadMessage>g__ReadMessageLong|0>d.MoveNext()
--- End of stack trace from previous location where exception was thrown ---
   at Npgsql.NpgsqlDataReader.NextResult(Boolean async, Boolean isConsuming)
   at Npgsql.NpgsqlDataReader.NextResult()
   at Npgsql.NpgsqlCommand.ExecuteReaderAsync(CommandBehavior behavior, Boolean async, CancellationToken cancellationToken)
   at Npgsql.NpgsqlCommand.ExecuteNonQuery(Boolean async, CancellationToken cancellationToken)
   at Npgsql.NpgsqlCommand.ExecuteNonQuery()
   at NLog.Targets.DatabaseTarget.WriteEventToDatabase(LogEventInfo logEvent, String connectionString)
   at NLog.Targets.DatabaseTarget.Write(LogEventInfo logEvent)
  Exception data:
    Severity: ERROR
    SqlState: 42703
    MessageText: column "log_lovel" of relation "system_logging" does not exist
    Position: 46
    File: parse_target.c
    Line: 1034
    Routine: checkInsertTargets
2020-01-17 16:26:13.4846 Error DatabaseTarget(Name=datebase): Error when writing to database. Exception: Npgsql.PostgresException (0x80004005): 42703: column "log_lovel" of relation "system_logging" does not exist
   at Npgsql.NpgsqlConnector.<>c__DisplayClass160_0.<<DoReadMessage>g__ReadMessageLong|0>d.MoveNext()
--- End of stack trace from previous location where exception was thrown ---
   at Npgsql.NpgsqlConnector.<>c__DisplayClass160_0.<<DoReadMessage>g__ReadMessageLong|0>d.MoveNext()
--- End of stack trace from previous location where exception was thrown ---
   at Npgsql.NpgsqlDataReader.NextResult(Boolean async, Boolean isConsuming)
   at Npgsql.NpgsqlDataReader.NextResult()
   at Npgsql.NpgsqlCommand.ExecuteReaderAsync(CommandBehavior behavior, Boolean async, CancellationToken cancellationToken)
   at Npgsql.NpgsqlCommand.ExecuteNonQuery(Boolean async, CancellationToken cancellationToken)
   at Npgsql.NpgsqlCommand.ExecuteNonQuery()
   at NLog.Targets.DatabaseTarget.WriteEventToDatabase(LogEventInfo logEvent, String connectionString)
   at NLog.Targets.DatabaseTarget.Write(LogEventInfo logEvent)
  Exception data:
    Severity: ERROR
    SqlState: 42703
    MessageText: column "log_lovel" of relation "system_logging" does not exist
    Position: 46
    File: parse_target.c
    Line: 1034
    Routine: checkInsertTargets
2020-01-17 16:26:14.0615 Error DatabaseTarget(Name=datebase): Error when writing to database. Exception: Npgsql.PostgresException (0x80004005): 42703: column "log_lovel" of relation "system_logging" does not exist
   at Npgsql.NpgsqlConnector.<>c__DisplayClass160_0.<<DoReadMessage>g__ReadMessageLong|0>d.MoveNext()
--- End of stack trace from previous location where exception was thrown ---
   at Npgsql.NpgsqlConnector.<>c__DisplayClass160_0.<<DoReadMessage>g__ReadMessageLong|0>d.MoveNext()
--- End of stack trace from previous location where exception was thrown ---
   at Npgsql.NpgsqlDataReader.NextResult(Boolean async, Boolean isConsuming)
   at Npgsql.NpgsqlDataReader.NextResult()
   at Npgsql.NpgsqlCommand.ExecuteReaderAsync(CommandBehavior behavior, Boolean async, CancellationToken cancellationToken)
   at Npgsql.NpgsqlCommand.ExecuteNonQuery(Boolean async, CancellationToken cancellationToken)
   at Npgsql.NpgsqlCommand.ExecuteNonQuery()
   at NLog.Targets.DatabaseTarget.WriteEventToDatabase(LogEventInfo logEvent, String connectionString)
   at NLog.Targets.DatabaseTarget.Write(LogEventInfo logEvent)
  Exception data:
    Severity: ERROR
    SqlState: 42703
    MessageText: column "log_lovel" of relation "system_logging" does not exist
    Position: 46
    File: parse_target.c
    Line: 1034
    Routine: checkInsertTargets
